#
# There is insufficient memory for the Java Runtime Environment to continue.
# Native memory allocation (malloc) failed to allocate 268435456 bytes for committing reserved memory.
# Possible reasons:
#   The system is out of physical RAM or swap space
#   In 32 bit mode, the process size limit was hit
# Possible solutions:
#   Reduce memory load on the system
#   Increase physical memory or swap space
#   Check if swap backing store is full
#   Use 64 bit Java on a 64 bit OS
#   Decrease Java heap size (-Xmx/-Xms)
#   Decrease number of Java threads
#   Decrease Java thread stack sizes (-Xss)
#   Set larger code cache with -XX:ReservedCodeCacheSize=
# This output file may be truncated or incomplete.
#
#  Out of Memory Error (os_linux.cpp:2827), pid=9747, tid=139808001681152
#
# JRE version:  (7.0_111-b01) (build )
# Java VM: OpenJDK 64-Bit Server VM (24.111-b01 mixed mode linux-amd64 compressed oops)
# Derivative: IcedTea 2.6.7
# Distribution: Debian GNU/Linux 8.6 (jessie), package 7u111-2.6.7-2~deb8u1
# Failed to write core dump. Core dumps have been disabled. To enable core dumping, try "ulimit -c unlimited" before starting Java again
#

---------------  T H R E A D  ---------------

Current thread (0x00007f2790016800):  JavaThread "Unknown thread" [_thread_in_vm, id=9751, stack(0x00007f279636e000,0x00007f279646f000)]

Stack: [0x00007f279636e000,0x00007f279646f000],  sp=0x00007f279646d5c0,  free space=1021k
Native frames: (J=compiled Java code, j=interpreted, Vv=VM code, C=native code)
V  [libjvm.so+0x98e646]
V  [libjvm.so+0x4980c2]
V  [libjvm.so+0x7ff3db]
V  [libjvm.so+0x7f99fe]
V  [libjvm.so+0x98b494]
V  [libjvm.so+0x57e82c]
V  [libjvm.so+0x49cdde]
V  [libjvm.so+0x57faf2]
V  [libjvm.so+0x56e57d]
V  [libjvm.so+0x958cc7]
V  [libjvm.so+0x959022]
V  [libjvm.so+0x5ba57f]
V  [libjvm.so+0x93cb6f]
V  [libjvm.so+0x629d80]  JNI_CreateJavaVM+0x60
C  [libjli.so+0x2b8e]


---------------  P R O C E S S  ---------------

Java Threads: ( => current thread )

Other Threads:

=>0x00007f2790016800 (exited) JavaThread "Unknown thread" [_thread_in_vm, id=9751, stack(0x00007f279636e000,0x00007f279646f000)]

VM state:not at safepoint (not fully initialized)

VM Mutex/Monitor currently owned by a thread: None

GC Heap History (0 events):
No events

Deoptimization events (0 events):
No events

Internal exceptions (0 events):
No events

Events (0 events):
No events


Dynamic libraries:
00400000-00401000 r-xp 00000000 08:01 1054730                            /usr/lib/jvm/java-7-openjdk-amd64/jre/bin/java
00600000-00601000 r--p 00000000 08:01 1054730                            /usr/lib/jvm/java-7-openjdk-amd64/jre/bin/java
00601000-00602000 rw-p 00001000 08:01 1054730                            /usr/lib/jvm/java-7-openjdk-amd64/jre/bin/java
021af000-021d0000 rw-p 00000000 00:00 0                                  [heap]
d0000000-100000000 rw-p 00000000 00:00 0 
7f27889eb000-7f2788beb000 rw-p 00000000 00:00 0 
7f2788beb000-7f2788bf6000 rw-p 00000000 00:00 0 
7f2788bf6000-7f2788d6c000 rw-p 00000000 00:00 0 
7f2788d6c000-7f2788fdc000 rwxp 00000000 00:00 0 
7f2788fdc000-7f278ed6c000 rw-p 00000000 00:00 0 
7f278ed6c000-7f278ed74000 r-xp 00000000 08:01 931422                     /usr/lib/jvm/java-7-openjdk-amd64/jre/lib/amd64/libzip.so
7f278ed74000-7f278ef73000 ---p 00008000 08:01 931422                     /usr/lib/jvm/java-7-openjdk-amd64/jre/lib/amd64/libzip.so
7f278ef73000-7f278ef74000 r--p 00007000 08:01 931422                     /usr/lib/jvm/java-7-openjdk-amd64/jre/lib/amd64/libzip.so
7f278ef74000-7f278ef75000 rw-p 00008000 08:01 931422                     /usr/lib/jvm/java-7-openjdk-amd64/jre/lib/amd64/libzip.so
7f278ef75000-7f278ef80000 r-xp 00000000 08:01 1044497                    /lib/x86_64-linux-gnu/libnss_files-2.19.so
7f278ef80000-7f278f17f000 ---p 0000b000 08:01 1044497                    /lib/x86_64-linux-gnu/libnss_files-2.19.so
7f278f17f000-7f278f180000 r--p 0000a000 08:01 1044497                    /lib/x86_64-linux-gnu/libnss_files-2.19.so
7f278f180000-7f278f181000 rw-p 0000b000 08:01 1044497                    /lib/x86_64-linux-gnu/libnss_files-2.19.so
7f278f181000-7f278f18b000 r-xp 00000000 08:01 1044499                    /lib/x86_64-linux-gnu/libnss_nis-2.19.so
7f278f18b000-7f278f38a000 ---p 0000a000 08:01 1044499                    /lib/x86_64-linux-gnu/libnss_nis-2.19.so
7f278f38a000-7f278f38b000 r--p 00009000 08:01 1044499                    /lib/x86_64-linux-gnu/libnss_nis-2.19.so
7f278f38b000-7f278f38c000 rw-p 0000a000 08:01 1044499                    /lib/x86_64-linux-gnu/libnss_nis-2.19.so
7f278f38c000-7f278f3a1000 r-xp 00000000 08:01 1044494                    /lib/x86_64-linux-gnu/libnsl-2.19.so
7f278f3a1000-7f278f5a0000 ---p 00015000 08:01 1044494                    /lib/x86_64-linux-gnu/libnsl-2.19.so
7f278f5a0000-7f278f5a1000 r--p 00014000 08:01 1044494                    /lib/x86_64-linux-gnu/libnsl-2.19.so
7f278f5a1000-7f278f5a2000 rw-p 00015000 08:01 1044494                    /lib/x86_64-linux-gnu/libnsl-2.19.so
7f278f5a2000-7f278f5a4000 rw-p 00000000 00:00 0 
7f278f5a4000-7f278f5ab000 r-xp 00000000 08:01 1044495                    /lib/x86_64-linux-gnu/libnss_compat-2.19.so
7f278f5ab000-7f278f7aa000 ---p 00007000 08:01 1044495                    /lib/x86_64-linux-gnu/libnss_compat-2.19.so
7f278f7aa000-7f278f7ab000 r--p 00006000 08:01 1044495                    /lib/x86_64-linux-gnu/libnss_compat-2.19.so
7f278f7ab000-7f278f7ac000 rw-p 00007000 08:01 1044495                    /lib/x86_64-linux-gnu/libnss_compat-2.19.so
7f278f7ac000-7f278f7b6000 r-xp 00000000 08:01 931439                     /usr/lib/jvm/java-7-openjdk-amd64/jre/lib/amd64/libinstrument.so
7f278f7b6000-7f278f9b5000 ---p 0000a000 08:01 931439                     /usr/lib/jvm/java-7-openjdk-amd64/jre/lib/amd64/libinstrument.so
7f278f9b5000-7f278f9b6000 r--p 00009000 08:01 931439                     /usr/lib/jvm/java-7-openjdk-amd64/jre/lib/amd64/libinstrument.so
7f278f9b6000-7f278f9b7000 rw-p 0000a000 08:01 931439                     /usr/lib/jvm/java-7-openjdk-amd64/jre/lib/amd64/libinstrument.so
7f278f9b7000-7f278f9e4000 r-xp 00000000 08:01 931448                     /usr/lib/jvm/java-7-openjdk-amd64/jre/lib/amd64/libjava.so
7f278f9e4000-7f278fbe3000 ---p 0002d000 08:01 931448                     /usr/lib/jvm/java-7-openjdk-amd64/jre/lib/amd64/libjava.so
7f278fbe3000-7f278fbe4000 r--p 0002c000 08:01 931448                     /usr/lib/jvm/java-7-openjdk-amd64/jre/lib/amd64/libjava.so
7f278fbe4000-7f278fbe6000 rw-p 0002d000 08:01 931448                     /usr/lib/jvm/java-7-openjdk-amd64/jre/lib/amd64/libjava.so
7f278fbe6000-7f278fbf5000 r-xp 00000000 08:01 931452                     /usr/lib/jvm/java-7-openjdk-amd64/jre/lib/amd64/libverify.so
7f278fbf5000-7f278fdf4000 ---p 0000f000 08:01 931452                     /usr/lib/jvm/java-7-openjdk-amd64/jre/lib/amd64/libverify.so
7f278fdf4000-7f278fdf7000 r--p 0000e000 08:01 931452                     /usr/lib/jvm/java-7-openjdk-amd64/jre/lib/amd64/libverify.so
7f278fdf7000-7f278fdf8000 rw-p 00011000 08:01 931452                     /usr/lib/jvm/java-7-openjdk-amd64/jre/lib/amd64/libverify.so
7f278fdf8000-7f278fdff000 r-xp 00000000 08:01 1044503                    /lib/x86_64-linux-gnu/librt-2.19.so
7f278fdff000-7f278fffe000 ---p 00007000 08:01 1044503                    /lib/x86_64-linux-gnu/librt-2.19.so
7f278fffe000-7f278ffff000 r--p 00006000 08:01 1044503                    /lib/x86_64-linux-gnu/librt-2.19.so
7f278ffff000-7f2790000000 rw-p 00007000 08:01 1044503                    /lib/x86_64-linux-gnu/librt-2.19.so
7f2790000000-7f279002f000 rw-p 00000000 00:00 0 
7f279002f000-7f2794000000 ---p 00000000 00:00 0 
7f2794009000-7f279401f000 r-xp 00000000 08:01 1044484                    /lib/x86_64-linux-gnu/libgcc_s.so.1
7f279401f000-7f279421e000 ---p 00016000 08:01 1044484                    /lib/x86_64-linux-gnu/libgcc_s.so.1
7f279421e000-7f279421f000 rw-p 00015000 08:01 1044484                    /lib/x86_64-linux-gnu/libgcc_s.so.1
7f279421f000-7f279431f000 r-xp 00000000 08:01 1044492                    /lib/x86_64-linux-gnu/libm-2.19.so
7f279431f000-7f279451e000 ---p 00100000 08:01 1044492                    /lib/x86_64-linux-gnu/libm-2.19.so
7f279451e000-7f279451f000 r--p 000ff000 08:01 1044492                    /lib/x86_64-linux-gnu/libm-2.19.so
7f279451f000-7f2794520000 rw-p 00100000 08:01 1044492                    /lib/x86_64-linux-gnu/libm-2.19.so
7f2794520000-7f279460c000 r-xp 00000000 08:01 918760                     /usr/lib/x86_64-linux-gnu/libstdc++.so.6.0.20
7f279460c000-7f279480c000 ---p 000ec000 08:01 918760                     /usr/lib/x86_64-linux-gnu/libstdc++.so.6.0.20
7f279480c000-7f2794814000 r--p 000ec000 08:01 918760                     /usr/lib/x86_64-linux-gnu/libstdc++.so.6.0.20
7f2794814000-7f2794816000 rw-p 000f4000 08:01 918760                     /usr/lib/x86_64-linux-gnu/libstdc++.so.6.0.20
7f2794816000-7f279482b000 rw-p 00000000 00:00 0 
7f279482b000-7f2795389000 r-xp 00000000 08:01 931417                     /usr/lib/jvm/java-7-openjdk-amd64/jre/lib/amd64/server/libjvm.so
7f2795389000-7f2795589000 ---p 00b5e000 08:01 931417                     /usr/lib/jvm/java-7-openjdk-amd64/jre/lib/amd64/server/libjvm.so
7f2795589000-7f2795628000 r--p 00b5e000 08:01 931417                     /usr/lib/jvm/java-7-openjdk-amd64/jre/lib/amd64/server/libjvm.so
7f2795628000-7f279564b000 rw-p 00bfd000 08:01 931417                     /usr/lib/jvm/java-7-openjdk-amd64/jre/lib/amd64/server/libjvm.so
7f279564b000-7f2795679000 rw-p 00000000 00:00 0 
7f2795679000-7f2795693000 r-xp 00000000 08:01 1044580                    /lib/x86_64-linux-gnu/libz.so.1.2.8
7f2795693000-7f2795892000 ---p 0001a000 08:01 1044580                    /lib/x86_64-linux-gnu/libz.so.1.2.8
7f2795892000-7f2795893000 r--p 00019000 08:01 1044580                    /lib/x86_64-linux-gnu/libz.so.1.2.8
7f2795893000-7f2795894000 rw-p 0001a000 08:01 1044580                    /lib/x86_64-linux-gnu/libz.so.1.2.8
7f2795894000-7f2795a35000 r-xp 00000000 08:01 1044488                    /lib/x86_64-linux-gnu/libc-2.19.so
7f2795a35000-7f2795c35000 ---p 001a1000 08:01 1044488                    /lib/x86_64-linux-gnu/libc-2.19.so
7f2795c35000-7f2795c39000 r--p 001a1000 08:01 1044488                    /lib/x86_64-linux-gnu/libc-2.19.so
7f2795c39000-7f2795c3b000 rw-p 001a5000 08:01 1044488                    /lib/x86_64-linux-gnu/libc-2.19.so
7f2795c3b000-7f2795c3f000 rw-p 00000000 00:00 0 
7f2795c3f000-7f2795c42000 r-xp 00000000 08:01 1044491                    /lib/x86_64-linux-gnu/libdl-2.19.so
7f2795c42000-7f2795e41000 ---p 00003000 08:01 1044491                    /lib/x86_64-linux-gnu/libdl-2.19.so
7f2795e41000-7f2795e42000 r--p 00002000 08:01 1044491                    /lib/x86_64-linux-gnu/libdl-2.19.so
7f2795e42000-7f2795e43000 rw-p 00003000 08:01 1044491                    /lib/x86_64-linux-gnu/libdl-2.19.so
7f2795e43000-7f2795e50000 r-xp 00000000 08:01 931447                     /usr/lib/jvm/java-7-openjdk-amd64/jre/lib/amd64/jli/libjli.so
7f2795e50000-7f279604f000 ---p 0000d000 08:01 931447                     /usr/lib/jvm/java-7-openjdk-amd64/jre/lib/amd64/jli/libjli.so
7f279604f000-7f2796050000 r--p 0000c000 08:01 931447                     /usr/lib/jvm/java-7-openjdk-amd64/jre/lib/amd64/jli/libjli.so
7f2796050000-7f2796051000 rw-p 0000d000 08:01 931447                     /usr/lib/jvm/java-7-openjdk-amd64/jre/lib/amd64/jli/libjli.so
7f2796051000-7f2796069000 r-xp 00000000 08:01 1044483                    /lib/x86_64-linux-gnu/libpthread-2.19.so
7f2796069000-7f2796268000 ---p 00018000 08:01 1044483                    /lib/x86_64-linux-gnu/libpthread-2.19.so
7f2796268000-7f2796269000 r--p 00017000 08:01 1044483                    /lib/x86_64-linux-gnu/libpthread-2.19.so
7f2796269000-7f279626a000 rw-p 00018000 08:01 1044483                    /lib/x86_64-linux-gnu/libpthread-2.19.so
7f279626a000-7f279626e000 rw-p 00000000 00:00 0 
7f279626e000-7f279628e000 r-xp 00000000 08:01 1044485                    /lib/x86_64-linux-gnu/ld-2.19.so
7f279636e000-7f2796371000 ---p 00000000 00:00 0 
7f2796371000-7f2796474000 rw-p 00000000 00:00 0                          [stack:9751]
7f2796480000-7f2796482000 rw-p 00000000 00:00 0 
7f2796482000-7f279648a000 rw-s 00000000 08:01 281140                     /tmp/hsperfdata_root/9747
7f279648a000-7f279648b000 rw-p 00000000 00:00 0 
7f279648b000-7f279648c000 r--p 00000000 00:00 0 
7f279648c000-7f279648e000 rw-p 00000000 00:00 0 
7f279648e000-7f279648f000 r--p 00020000 08:01 1044485                    /lib/x86_64-linux-gnu/ld-2.19.so
7f279648f000-7f2796490000 rw-p 00021000 08:01 1044485                    /lib/x86_64-linux-gnu/ld-2.19.so
7f2796490000-7f2796491000 rw-p 00000000 00:00 0 
7ffce47e5000-7ffce480c000 rw-p 00000000 00:00 0                          [stack]
7ffce490b000-7ffce490d000 r-xp 00000000 00:00 0                          [vdso]
7ffce490d000-7ffce490f000 r--p 00000000 00:00 0                          [vvar]
ffffffffff600000-ffffffffff601000 r-xp 00000000 00:00 0                  [vsyscall]

VM Arguments:
jvm_args: -Dendpoints.shutdown.enabled=true -Denv=development -Dfull.stacktrace=false -Dgrails.env=development -Dgrails.full.stacktrace=false -Dinfo.app.grailsVersion=3.2.8 -Dinfo.app.name=librarySystem -Dinfo.app.version=0.1 -Djdk.reflect.allowGetCallerClass=true -Drun.active=true -Dspring.output.ansi.enabled=always -Dspringloaded=inclusions=grails.plugins..*;synchronize=true;allowSplitPackages=true;cacheDir=/home/user/assignment2/library/librarySystem/build/springloaded -Dverbose=false -XX:PermSize=96m -XX:MaxPermSize=256m -XX:+TieredCompilation -XX:TieredStopAtLevel=1 -XX:CICompilerCount=3 -javaagent:/root/.gradle/caches/modules-2/files-2.1/org.springframework/springloaded/1.2.7.RELEASE/83d209e87380fd30a294cefd458ab6170722e80c/springloaded-1.2.7.RELEASE.jar -Xverify:none -Xms768m -Xmx768m -Dfile.encoding=UTF-8 -Duser.country=GB -Duser.language=en -Duser.variant 
java_command: librarysystem.Application
Launcher Type: SUN_STANDARD

Environment Variables:
PATH=/root/.sdkman/candidates/grails/current/bin:/usr/local/sbin:/usr/local/bin:/usr/sbin:/usr/bin:/sbin:/bin
USERNAME=user
SHELL=/bin/bash
DISPLAY=:0

Signal Handlers:
SIGSEGV: [libjvm.so+0x98f140], sa_mask[0]=0x7ffbfeff, sa_flags=0x10000004
SIGBUS: [libjvm.so+0x98f140], sa_mask[0]=0x7ffbfeff, sa_flags=0x10000004
SIGFPE: [libjvm.so+0x7fa6e0], sa_mask[0]=0x7ffbfeff, sa_flags=0x10000004
SIGPIPE: [libjvm.so+0x7fa6e0], sa_mask[0]=0x7ffbfeff, sa_flags=0x10000004
SIGXFSZ: [libjvm.so+0x7fa6e0], sa_mask[0]=0x7ffbfeff, sa_flags=0x10000004
SIGILL: [libjvm.so+0x7fa6e0], sa_mask[0]=0x7ffbfeff, sa_flags=0x10000004
SIGUSR1: SIG_DFL, sa_mask[0]=0x00000000, sa_flags=0x00000000
SIGUSR2: [libjvm.so+0x7fa810], sa_mask[0]=0x00000004, sa_flags=0x10000004
SIGHUP: SIG_DFL, sa_mask[0]=0x00000000, sa_flags=0x00000000
SIGINT: SIG_DFL, sa_mask[0]=0x00000000, sa_flags=0x00000000
SIGTERM: SIG_DFL, sa_mask[0]=0x00000000, sa_flags=0x00000000
SIGQUIT: SIG_DFL, sa_mask[0]=0x00000000, sa_flags=0x00000000
SIGTRAP: SIG_DFL, sa_mask[0]=0x00000000, sa_flags=0x00000000


---------------  S Y S T E M  ---------------

OS:8.6

uname:Linux 3.16.0-4-amd64 #1 SMP Debian 3.16.36-1+deb8u2 (2016-10-19) x86_64
libc:glibc 2.19 NPTL 2.19 
rlimit: STACK 8192k, CORE 0k, NPROC 1857, NOFILE 65536, AS infinity
load average:1.19 0.66 0.37

/proc/meminfo:
MemTotal:         492476 kB
MemFree:            5732 kB
MemAvailable:      46488 kB
Buffers:             612 kB
Cached:            27900 kB
SwapCached:         5680 kB
Active:           178684 kB
Inactive:         176844 kB
Active(anon):     163616 kB
Inactive(anon):   163468 kB
Active(file):      15068 kB
Inactive(file):    13376 kB
Unevictable:          32 kB
Mlocked:              32 kB
SwapTotal:        901116 kB
SwapFree:         155520 kB
Dirty:               284 kB
Writeback:          1000 kB
AnonPages:        321576 kB
Mapped:            22228 kB
Shmem:                16 kB
Slab:              54352 kB
SReclaimable:      22788 kB
SUnreclaim:        31564 kB
KernelStack:        8672 kB
PageTables:        28272 kB
NFS_Unstable:          0 kB
Bounce:                0 kB
WritebackTmp:          0 kB
CommitLimit:     1147352 kB
Committed_AS:    3808928 kB
VmallocTotal:   34359738367 kB
VmallocUsed:      169420 kB
VmallocChunk:   34359559352 kB
HardwareCorrupted:     0 kB
AnonHugePages:         0 kB
HugePages_Total:       0
HugePages_Free:        0
HugePages_Rsvd:        0
HugePages_Surp:        0
Hugepagesize:       2048 kB
DirectMap4k:      137088 kB
DirectMap2M:      387072 kB
DirectMap1G:           0 kB


CPU:total 1 (1 cores per cpu, 1 threads per core) family 6 model 60 stepping 3, cmov, cx8, fxsr, mmx, sse, sse2, sse3, ssse3, sse4.1, sse4.2, popcnt, avx, avx2, aes, erms, tsc, tscinvbit

/proc/cpuinfo:
processor	: 0
vendor_id	: GenuineIntel
cpu family	: 6
model		: 60
model name	: Intel(R) Core(TM) i5-4570 CPU @ 3.20GHz
stepping	: 3
microcode	: 0x1e
cpu MHz		: 3199.994
cache size	: 6144 KB
physical id	: 0
siblings	: 1
core id		: 0
cpu cores	: 1
apicid		: 0
initial apicid	: 0
fpu		: yes
fpu_exception	: yes
cpuid level	: 13
wp		: yes
flags		: fpu vme de pse tsc msr pae mce cx8 apic sep mtrr pge mca cmov pat pse36 clflush dts mmx fxsr sse sse2 ss syscall nx pdpe1gb rdtscp lm constant_tsc arch_perfmon pebs bts nopl xtopology tsc_reliable nonstop_tsc aperfmperf eagerfpu pni pclmulqdq ssse3 fma cx16 pcid sse4_1 sse4_2 x2apic movbe popcnt tsc_deadline_timer aes xsave avx f16c rdrand hypervisor lahf_lm abm ida arat epb xsaveopt pln pts dtherm fsgsbase tsc_adjust bmi1 avx2 smep bmi2 invpcid
bogomips	: 6399.98
clflush size	: 64
cache_alignment	: 64
address sizes	: 42 bits physical, 48 bits virtual
power management:



Memory: 4k page, physical 492476k(5608k free), swap 901116k(155520k free)

vm_info: OpenJDK 64-Bit Server VM (24.111-b01) for linux-amd64 JRE (1.7.0_111-b01), built on Nov  6 2016 21:43:34 by "jmm" with gcc 4.9.2

time: Mon Apr  3 15:22:44 2017
elapsed time: 0 seconds

